# JRE version: OpenJDK Runtime Environment Corretto-22.0.2.9.1 (22.0.2+9) (build 22.0.2+9-FR)
# Java VM: OpenJDK 64-Bit Server VM Corretto-22.0.2.9.1 (22.0.2+9-FR, mixed mode, sharing, tiered, compressed oops, compressed class ptrs, g1 gc, windows-amd64)
GC Precious Log:
 CardTable entry size: 512
 Card Set container configuration: InlinePtr #cards 4 size 8 Array Of Cards #cards 16 size 48 Howl #buckets 8 coarsen threshold 3686 Howl Bitmap #cards 512 size 80 coarsen threshold 460 Card regions per heap region 1 cards per card region 4096
 CPUs: 8 total, 8 available
 Memory: 12093M
 Large Page Support: Disabled
 NUMA Support: Disabled
 Compressed Oops: Enabled (Zero based)
 Heap Region Size: 2M
 Heap Min Capacity: 8M
 Heap Initial Capacity: 190M
 Heap Max Capacity: 3024M
 Pre-touch: Disabled
 Parallel Workers: 8
 Concurrent Workers: 2
 Concurrent Refinement Workers: 8
 Periodic GC: Disabled
Heap:
 garbage-first heap   total reserved 3096576K, committed 69632K, used 53774K [0x0000000743000000, 0x0000000800000000)
  region size 2048K, 14 young (28672K), 1 survivors (2048K)
 Metaspace       used 41953K, committed 42560K, reserved 1114112K
  class space    used 5765K, committed 6016K, reserved 1048576K
GC Heap History (20 events):
Event: 331.705 GC heap before
{Heap before GC invocations=4 (full 0):
 garbage-first heap   total reserved 3096576K, committed 69632K, used 51677K [0x0000000743000000, 0x0000000800000000)
  region size 2048K, 20 young (40960K), 4 survivors (8192K)
 Metaspace       used 32481K, committed 32896K, reserved 1114112K
  class space    used 4592K, committed 4800K, reserved 1048576K
}
Event: 331.713 GC heap after
{Heap after GC invocations=5 (full 0):
 garbage-first heap   total reserved 3096576K, committed 69632K, used 22821K [0x0000000743000000, 0x0000000800000000)
  region size 2048K, 3 young (6144K), 3 survivors (6144K)
 Metaspace       used 32481K, committed 32896K, reserved 1114112K
  class space    used 4592K, committed 4800K, reserved 1048576K
}
Event: 335.334 GC heap before
{Heap before GC invocations=5 (full 0):
 garbage-first heap   total reserved 3096576K, committed 69632K, used 35109K [0x0000000743000000, 0x0000000800000000)
  region size 2048K, 10 young (20480K), 3 survivors (6144K)
 Metaspace       used 35659K, committed 36160K, reserved 1114112K
  class space    used 4994K, committed 5248K, reserved 1048576K
}
Event: 335.338 GC heap after
{Heap after GC invocations=6 (full 0):
 garbage-first heap   total reserved 3096576K, committed 69632K, used 24796K [0x0000000743000000, 0x0000000800000000)
  region size 2048K, 2 young (4096K), 2 survivors (4096K)
 Metaspace       used 35659K, committed 36160K, reserved 1114112K
  class space    used 4994K, committed 5248K, reserved 1048576K
}
Event: 335.352 GC heap before
{Heap before GC invocations=6 (full 0):
 garbage-first heap   total reserved 3096576K, committed 69632K, used 24796K [0x0000000743000000, 0x0000000800000000)
  region size 2048K, 3 young (6144K), 2 survivors (4096K)
 Metaspace       used 35957K, committed 36480K, reserved 1114112K
  class space    used 5034K, committed 5312K, reserved 1048576K
}
Event: 335.354 GC heap after
{Heap after GC invocations=7 (full 0):
 garbage-first heap   total reserved 3096576K, committed 69632K, used 25319K [0x0000000743000000, 0x0000000800000000)
  region size 2048K, 1 young (2048K), 1 survivors (2048K)
 Metaspace       used 35957K, committed 36480K, reserved 1114112K
  class space    used 5034K, committed 5312K, reserved 1048576K
}
Event: 337.561 GC heap before
{Heap before GC invocations=8 (full 0):
 garbage-first heap   total reserved 3096576K, committed 69632K, used 53991K [0x0000000743000000, 0x0000000800000000)
  region size 2048K, 14 young (28672K), 1 survivors (2048K)
 Metaspace       used 41263K, committed 41856K, reserved 1114112K
  class space    used 5757K, committed 6016K, reserved 1048576K
}
Event: 337.564 GC heap after
{Heap after GC invocations=9 (full 0):
 garbage-first heap   total reserved 3096576K, committed 69632K, used 29337K [0x0000000743000000, 0x0000000800000000)
  region size 2048K, 2 young (4096K), 2 survivors (4096K)
 Metaspace       used 41263K, committed 41856K, reserved 1114112K
  class space    used 5757K, committed 6016K, reserved 1048576K
}
Event: 338.914 GC heap before
{Heap before GC invocations=9 (full 0):
 garbage-first heap   total reserved 3096576K, committed 69632K, used 55961K [0x0000000743000000, 0x0000000800000000)
  region size 2048K, 14 young (28672K), 2 survivors (4096K)
 Metaspace       used 41398K, committed 41984K, reserved 1114112K
  class space    used 5757K, committed 6016K, reserved 1048576K
}
Event: 338.917 GC heap after
{Heap after GC invocations=10 (full 0):
 garbage-first heap   total reserved 3096576K, committed 69632K, used 29334K [0x0000000743000000, 0x0000000800000000)
  region size 2048K, 1 young (2048K), 1 survivors (2048K)
 Metaspace       used 41398K, committed 41984K, reserved 1114112K
  class space    used 5757K, committed 6016K, reserved 1048576K
}
Event: 342.222 GC heap before
{Heap before GC invocations=10 (full 0):
 garbage-first heap   total reserved 3096576K, committed 69632K, used 55958K [0x0000000743000000, 0x0000000800000000)
  region size 2048K, 14 young (28672K), 1 survivors (2048K)
 Metaspace       used 41609K, committed 42176K, reserved 1114112K
  class space    used 5763K, committed 6016K, reserved 1048576K
}
Event: 342.223 GC heap after
{Heap after GC invocations=11 (full 0):
 garbage-first heap   total reserved 3096576K, committed 69632K, used 29133K [0x0000000743000000, 0x0000000800000000)
  region size 2048K, 1 young (2048K), 1 survivors (2048K)
 Metaspace       used 41609K, committed 42176K, reserved 1114112K
  class space    used 5763K, committed 6016K, reserved 1048576K
}
Event: 568.630 GC heap before
{Heap before GC invocations=11 (full 0):
 garbage-first heap   total reserved 3096576K, committed 69632K, used 57805K [0x0000000743000000, 0x0000000800000000)
  region size 2048K, 15 young (30720K), 1 survivors (2048K)
 Metaspace       used 41799K, committed 42368K, reserved 1114112K
  class space    used 5765K, committed 6016K, reserved 1048576K
}
Event: 568.632 GC heap after
{Heap after GC invocations=12 (full 0):
 garbage-first heap   total reserved 3096576K, committed 69632K, used 29193K [0x0000000743000000, 0x0000000800000000)
  region size 2048K, 1 young (2048K), 1 survivors (2048K)
 Metaspace       used 41799K, committed 42368K, reserved 1114112K
  class space    used 5765K, committed 6016K, reserved 1048576K
}
Event: 891.327 GC heap before
{Heap before GC invocations=12 (full 0):
 garbage-first heap   total reserved 3096576K, committed 69632K, used 57865K [0x0000000743000000, 0x0000000800000000)
  region size 2048K, 15 young (30720K), 1 survivors (2048K)
 Metaspace       used 41835K, committed 42368K, reserved 1114112K
  class space    used 5765K, committed 6016K, reserved 1048576K
}
Event: 891.329 GC heap after
{Heap after GC invocations=13 (full 0):
 garbage-first heap   total reserved 3096576K, committed 69632K, used 29214K [0x0000000743000000, 0x0000000800000000)
  region size 2048K, 1 young (2048K), 1 survivors (2048K)
 Metaspace       used 41835K, committed 42368K, reserved 1114112K
  class space    used 5765K, committed 6016K, reserved 1048576K
}
Event: 1258.167 GC heap before
{Heap before GC invocations=13 (full 0):
 garbage-first heap   total reserved 3096576K, committed 69632K, used 57886K [0x0000000743000000, 0x0000000800000000)
  region size 2048K, 15 young (30720K), 1 survivors (2048K)
 Metaspace       used 41837K, committed 42368K, reserved 1114112K
  class space    used 5765K, committed 6016K, reserved 1048576K
}
Event: 1258.168 GC heap after
{Heap after GC invocations=14 (full 0):
 garbage-first heap   total reserved 3096576K, committed 69632K, used 29201K [0x0000000743000000, 0x0000000800000000)
  region size 2048K, 1 young (2048K), 1 survivors (2048K)
 Metaspace       used 41837K, committed 42368K, reserved 1114112K
  class space    used 5765K, committed 6016K, reserved 1048576K
}
Event: 1622.450 GC heap before
{Heap before GC invocations=14 (full 0):
 garbage-first heap   total reserved 3096576K, committed 69632K, used 57873K [0x0000000743000000, 0x0000000800000000)
  region size 2048K, 15 young (30720K), 1 survivors (2048K)
 Metaspace       used 41837K, committed 42368K, reserved 1114112K
  class space    used 5765K, committed 6016K, reserved 1048576K
}
Event: 1622.453 GC heap after
{Heap after GC invocations=15 (full 0):
 garbage-first heap   total reserved 3096576K, committed 69632K, used 29198K [0x0000000743000000, 0x0000000800000000)
  region size 2048K, 1 young (2048K), 1 survivors (2048K)
 Metaspace       used 41837K, committed 42368K, reserved 1114112K
  class space    used 5765K, committed 6016K, reserved 1048576K
}

